2018-12-20 08:14:11,130 INFO org.springframework.boot.StartupInfoLogger [main] Starting AutoappApplicationTests on DESKTOP-4NKS7MP with PID 1764 (started by Saravanan in C:\automationapp\autoapp\autoapp\AutomationApp\autoapp)
2018-12-20 08:14:11,143 DEBUG org.springframework.boot.StartupInfoLogger [main] Running with Spring Boot v2.1.0.RELEASE, Spring v5.1.2.RELEASE
2018-12-20 08:14:11,148 INFO org.springframework.boot.SpringApplication [main] The following profiles are active: dev
2018-12-20 08:14:13,884 INFO org.springframework.data.repository.config.RepositoryConfigurationDelegate [main] Bootstrapping Spring Data repositories in DEFAULT mode.
2018-12-20 08:14:14,229 INFO org.springframework.data.repository.config.RepositoryConfigurationDelegate [main] Finished Spring Data repository scanning in 307ms. Found 6 repository interfaces.
2018-12-20 08:14:15,529 INFO org.springframework.context.support.PostProcessorRegistrationDelegate$BeanPostProcessorChecker [main] Bean 'org.springframework.transaction.annotation.ProxyTransactionManagementConfiguration' of type [org.springframework.transaction.annotation.ProxyTransactionManagementConfiguration$$EnhancerBySpringCGLIB$$ab6ea3bf] is not eligible for getting processed by all BeanPostProcessors (for example: not eligible for auto-proxying)
2018-12-20 08:14:15,673 INFO com.waitrose.app.config.DBConfiguration [main] db path >>>>>>>>>>> C:/automationapp/autoapp/autoapp/AutomationApp/autoapp/automate.db
2018-12-20 08:14:15,984 INFO com.zaxxer.hikari.HikariDataSource [main] HikariPool-1 - Starting...
2018-12-20 08:14:16,751 INFO com.zaxxer.hikari.HikariDataSource [main] HikariPool-1 - Start completed.
2018-12-20 08:14:17,001 INFO org.hibernate.jpa.internal.util.LogHelper [main] HHH000204: Processing PersistenceUnitInfo [
	name: default
	...]
2018-12-20 08:14:17,128 INFO org.hibernate.Version [main] HHH000412: Hibernate Core {5.3.7.Final}
2018-12-20 08:14:17,133 INFO org.hibernate.cfg.Environment [main] HHH000206: hibernate.properties not found
2018-12-20 08:14:17,541 INFO org.hibernate.annotations.common.reflection.java.JavaReflectionManager [main] HCANN000001: Hibernate Commons Annotations {5.0.4.Final}
2018-12-20 08:14:18,283 INFO org.hibernate.dialect.Dialect [main] HHH000400: Using dialect: com.waitrose.app.config.SQLiteDialect
2018-12-20 08:14:18,424 INFO org.hibernate.engine.jdbc.env.internal.LobCreatorBuilderImpl [main] HHH000423: Disabling contextual LOB creation as JDBC driver reported JDBC version [2] less than 4
2018-12-20 08:14:21,620 INFO org.springframework.orm.jpa.AbstractEntityManagerFactoryBean [main] Initialized JPA EntityManagerFactory for persistence unit 'default'
2018-12-20 08:14:25,492 INFO org.springframework.security.web.DefaultSecurityFilterChain [main] Creating filter chain: Ant [pattern='/resources/**'], []
2018-12-20 08:14:25,494 INFO org.springframework.security.web.DefaultSecurityFilterChain [main] Creating filter chain: Ant [pattern='/templates/**'], []
2018-12-20 08:14:25,496 INFO org.springframework.security.web.DefaultSecurityFilterChain [main] Creating filter chain: Ant [pattern='/static/**'], []
2018-12-20 08:14:25,497 INFO org.springframework.security.web.DefaultSecurityFilterChain [main] Creating filter chain: Ant [pattern='/css/**'], []
2018-12-20 08:14:25,498 INFO org.springframework.security.web.DefaultSecurityFilterChain [main] Creating filter chain: Ant [pattern='/js/**'], []
2018-12-20 08:14:25,499 INFO org.springframework.security.web.DefaultSecurityFilterChain [main] Creating filter chain: Ant [pattern='/images/**'], []
2018-12-20 08:14:25,933 INFO org.springframework.security.web.DefaultSecurityFilterChain [main] Creating filter chain: any request, [org.springframework.security.web.context.request.async.WebAsyncManagerIntegrationFilter@395281c2, org.springframework.security.web.context.SecurityContextPersistenceFilter@43786627, org.springframework.security.web.header.HeaderWriterFilter@7e5e6573, org.springframework.security.web.authentication.logout.LogoutFilter@21b744ec, org.springframework.security.web.authentication.UsernamePasswordAuthenticationFilter@efe49ab, org.springframework.security.web.session.ConcurrentSessionFilter@473847fb, org.springframework.security.web.savedrequest.RequestCacheAwareFilter@65e620b0, org.springframework.security.web.servletapi.SecurityContextHolderAwareRequestFilter@27bb74e1, org.springframework.security.web.authentication.rememberme.RememberMeAuthenticationFilter@4eb63dc8, org.springframework.security.web.authentication.AnonymousAuthenticationFilter@41d20f06, org.springframework.security.web.session.SessionManagementFilter@58aa5c94, org.springframework.security.web.access.ExceptionTranslationFilter@48368a08, org.springframework.security.web.access.intercept.FilterSecurityInterceptor@49c83262]
2018-12-20 08:14:28,885 INFO org.springframework.scheduling.concurrent.ExecutorConfigurationSupport [main] Initializing ExecutorService 'applicationTaskExecutor'
2018-12-20 08:14:29,318 WARN org.springframework.boot.autoconfigure.orm.jpa.JpaBaseConfiguration$JpaWebConfiguration$JpaWebMvcConfiguration [main] spring.jpa.open-in-view is enabled by default. Therefore, database queries may be performed during view rendering. Explicitly configure spring.jpa.open-in-view to disable this warning
2018-12-20 08:14:31,022 INFO org.springframework.boot.StartupInfoLogger [main] Started AutoappApplicationTests in 21.161 seconds (JVM running for 23.478)
2018-12-20 08:14:32,083 INFO org.springframework.scheduling.concurrent.ExecutorConfigurationSupport [Thread-3] Shutting down ExecutorService 'applicationTaskExecutor'
2018-12-20 08:14:32,094 INFO org.springframework.orm.jpa.AbstractEntityManagerFactoryBean [Thread-3] Closing JPA EntityManagerFactory for persistence unit 'default'
2018-12-20 08:14:32,100 INFO com.zaxxer.hikari.HikariDataSource [Thread-3] HikariPool-1 - Shutdown initiated...
2018-12-20 08:14:32,112 INFO com.zaxxer.hikari.HikariDataSource [Thread-3] HikariPool-1 - Shutdown completed.
2018-12-20 09:09:30,440 INFO org.springframework.boot.StartupInfoLogger [main] Starting AutoappApplicationTests on DESKTOP-4NKS7MP with PID 9460 (started by Saravanan in C:\automationapp\autoapp\autoapp\AutomationApp\autoapp)
2018-12-20 09:09:30,443 DEBUG org.springframework.boot.StartupInfoLogger [main] Running with Spring Boot v2.1.0.RELEASE, Spring v5.1.2.RELEASE
2018-12-20 09:09:30,451 INFO org.springframework.boot.SpringApplication [main] The following profiles are active: dev
2018-12-20 09:09:33,101 INFO org.springframework.data.repository.config.RepositoryConfigurationDelegate [main] Bootstrapping Spring Data repositories in DEFAULT mode.
2018-12-20 09:09:33,371 INFO org.springframework.data.repository.config.RepositoryConfigurationDelegate [main] Finished Spring Data repository scanning in 243ms. Found 6 repository interfaces.
2018-12-20 09:09:34,387 INFO org.springframework.context.support.PostProcessorRegistrationDelegate$BeanPostProcessorChecker [main] Bean 'org.springframework.transaction.annotation.ProxyTransactionManagementConfiguration' of type [org.springframework.transaction.annotation.ProxyTransactionManagementConfiguration$$EnhancerBySpringCGLIB$$85f66282] is not eligible for getting processed by all BeanPostProcessors (for example: not eligible for auto-proxying)
2018-12-20 09:09:34,598 INFO com.waitrose.app.config.DBConfiguration [main] db path >>>>>>>>>>> C:/automationapp/autoapp/autoapp/AutomationApp/autoapp/automate.db
2018-12-20 09:09:34,858 INFO com.zaxxer.hikari.HikariDataSource [main] HikariPool-1 - Starting...
2018-12-20 09:09:35,263 INFO com.zaxxer.hikari.HikariDataSource [main] HikariPool-1 - Start completed.
2018-12-20 09:09:35,786 INFO org.hibernate.jpa.internal.util.LogHelper [main] HHH000204: Processing PersistenceUnitInfo [
	name: default
	...]
2018-12-20 09:09:35,989 INFO org.hibernate.Version [main] HHH000412: Hibernate Core {5.3.7.Final}
2018-12-20 09:09:35,993 INFO org.hibernate.cfg.Environment [main] HHH000206: hibernate.properties not found
2018-12-20 09:09:36,221 INFO org.hibernate.annotations.common.reflection.java.JavaReflectionManager [main] HCANN000001: Hibernate Commons Annotations {5.0.4.Final}
2018-12-20 09:09:36,510 INFO org.hibernate.dialect.Dialect [main] HHH000400: Using dialect: com.waitrose.app.config.SQLiteDialect
2018-12-20 09:09:36,564 INFO org.hibernate.engine.jdbc.env.internal.LobCreatorBuilderImpl [main] HHH000423: Disabling contextual LOB creation as JDBC driver reported JDBC version [2] less than 4
2018-12-20 09:09:38,028 INFO org.springframework.orm.jpa.AbstractEntityManagerFactoryBean [main] Initialized JPA EntityManagerFactory for persistence unit 'default'
2018-12-20 09:09:40,349 INFO org.springframework.security.web.DefaultSecurityFilterChain [main] Creating filter chain: Ant [pattern='/resources/**'], []
2018-12-20 09:09:40,352 INFO org.springframework.security.web.DefaultSecurityFilterChain [main] Creating filter chain: Ant [pattern='/templates/**'], []
2018-12-20 09:09:40,353 INFO org.springframework.security.web.DefaultSecurityFilterChain [main] Creating filter chain: Ant [pattern='/static/**'], []
2018-12-20 09:09:40,354 INFO org.springframework.security.web.DefaultSecurityFilterChain [main] Creating filter chain: Ant [pattern='/css/**'], []
2018-12-20 09:09:40,355 INFO org.springframework.security.web.DefaultSecurityFilterChain [main] Creating filter chain: Ant [pattern='/js/**'], []
2018-12-20 09:09:40,356 INFO org.springframework.security.web.DefaultSecurityFilterChain [main] Creating filter chain: Ant [pattern='/images/**'], []
2018-12-20 09:09:40,955 INFO org.springframework.security.web.DefaultSecurityFilterChain [main] Creating filter chain: any request, [org.springframework.security.web.context.request.async.WebAsyncManagerIntegrationFilter@184de357, org.springframework.security.web.context.SecurityContextPersistenceFilter@4b508371, org.springframework.security.web.header.HeaderWriterFilter@41a23470, org.springframework.security.web.authentication.logout.LogoutFilter@46702c26, org.springframework.security.web.authentication.UsernamePasswordAuthenticationFilter@273aaab7, org.springframework.security.web.session.ConcurrentSessionFilter@3005623b, org.springframework.security.web.savedrequest.RequestCacheAwareFilter@21f50d2c, org.springframework.security.web.servletapi.SecurityContextHolderAwareRequestFilter@1d6f77d7, org.springframework.security.web.authentication.rememberme.RememberMeAuthenticationFilter@b1d19ff, org.springframework.security.web.authentication.AnonymousAuthenticationFilter@efe49ab, org.springframework.security.web.session.SessionManagementFilter@39a7eca5, org.springframework.security.web.access.ExceptionTranslationFilter@577f9dfd, org.springframework.security.web.access.intercept.FilterSecurityInterceptor@6e73974]
2018-12-20 09:09:42,647 INFO org.springframework.scheduling.concurrent.ExecutorConfigurationSupport [main] Initializing ExecutorService 'applicationTaskExecutor'
2018-12-20 09:09:42,793 WARN org.springframework.boot.autoconfigure.orm.jpa.JpaBaseConfiguration$JpaWebConfiguration$JpaWebMvcConfiguration [main] spring.jpa.open-in-view is enabled by default. Therefore, database queries may be performed during view rendering. Explicitly configure spring.jpa.open-in-view to disable this warning
2018-12-20 09:09:44,008 INFO org.springframework.boot.StartupInfoLogger [main] Started AutoappApplicationTests in 15.03 seconds (JVM running for 17.045)
2018-12-20 09:09:44,468 INFO org.springframework.scheduling.concurrent.ExecutorConfigurationSupport [Thread-3] Shutting down ExecutorService 'applicationTaskExecutor'
2018-12-20 09:09:44,475 INFO org.springframework.orm.jpa.AbstractEntityManagerFactoryBean [Thread-3] Closing JPA EntityManagerFactory for persistence unit 'default'
2018-12-20 09:09:44,480 INFO com.zaxxer.hikari.HikariDataSource [Thread-3] HikariPool-1 - Shutdown initiated...
2018-12-20 09:09:44,498 INFO com.zaxxer.hikari.HikariDataSource [Thread-3] HikariPool-1 - Shutdown completed.
2018-12-20 09:16:10,133 INFO org.springframework.boot.StartupInfoLogger [main] Starting AutoappApplicationTests on DESKTOP-4NKS7MP with PID 16216 (started by Saravanan in C:\automationapp\autoapp\autoapp\AutomationApp\autoapp)
2018-12-20 09:16:10,137 DEBUG org.springframework.boot.StartupInfoLogger [main] Running with Spring Boot v2.1.0.RELEASE, Spring v5.1.2.RELEASE
2018-12-20 09:16:10,141 INFO org.springframework.boot.SpringApplication [main] The following profiles are active: dev
2018-12-20 09:16:12,614 INFO org.springframework.data.repository.config.RepositoryConfigurationDelegate [main] Bootstrapping Spring Data repositories in DEFAULT mode.
2018-12-20 09:16:12,856 INFO org.springframework.data.repository.config.RepositoryConfigurationDelegate [main] Finished Spring Data repository scanning in 221ms. Found 6 repository interfaces.
2018-12-20 09:16:14,078 INFO org.springframework.context.support.PostProcessorRegistrationDelegate$BeanPostProcessorChecker [main] Bean 'org.springframework.transaction.annotation.ProxyTransactionManagementConfiguration' of type [org.springframework.transaction.annotation.ProxyTransactionManagementConfiguration$$EnhancerBySpringCGLIB$$ab6ea3bf] is not eligible for getting processed by all BeanPostProcessors (for example: not eligible for auto-proxying)
2018-12-20 09:16:14,228 INFO com.waitrose.app.config.DBConfiguration [main] db path >>>>>>>>>>> C:/automationapp/autoapp/autoapp/AutomationApp/autoapp/automate.db
2018-12-20 09:16:14,607 INFO com.zaxxer.hikari.HikariDataSource [main] HikariPool-1 - Starting...
2018-12-20 09:16:15,063 INFO com.zaxxer.hikari.HikariDataSource [main] HikariPool-1 - Start completed.
2018-12-20 09:16:15,385 INFO org.hibernate.jpa.internal.util.LogHelper [main] HHH000204: Processing PersistenceUnitInfo [
	name: default
	...]
2018-12-20 09:16:15,510 INFO org.hibernate.Version [main] HHH000412: Hibernate Core {5.3.7.Final}
2018-12-20 09:16:15,515 INFO org.hibernate.cfg.Environment [main] HHH000206: hibernate.properties not found
2018-12-20 09:16:15,864 INFO org.hibernate.annotations.common.reflection.java.JavaReflectionManager [main] HCANN000001: Hibernate Commons Annotations {5.0.4.Final}
2018-12-20 09:16:16,105 INFO org.hibernate.dialect.Dialect [main] HHH000400: Using dialect: com.waitrose.app.config.SQLiteDialect
2018-12-20 09:16:16,158 INFO org.hibernate.engine.jdbc.env.internal.LobCreatorBuilderImpl [main] HHH000423: Disabling contextual LOB creation as JDBC driver reported JDBC version [2] less than 4
2018-12-20 09:16:17,838 INFO org.springframework.orm.jpa.AbstractEntityManagerFactoryBean [main] Initialized JPA EntityManagerFactory for persistence unit 'default'
2018-12-20 09:16:20,132 INFO org.springframework.security.web.DefaultSecurityFilterChain [main] Creating filter chain: Ant [pattern='/resources/**'], []
2018-12-20 09:16:20,135 INFO org.springframework.security.web.DefaultSecurityFilterChain [main] Creating filter chain: Ant [pattern='/templates/**'], []
2018-12-20 09:16:20,143 INFO org.springframework.security.web.DefaultSecurityFilterChain [main] Creating filter chain: Ant [pattern='/static/**'], []
2018-12-20 09:16:20,146 INFO org.springframework.security.web.DefaultSecurityFilterChain [main] Creating filter chain: Ant [pattern='/css/**'], []
2018-12-20 09:16:20,147 INFO org.springframework.security.web.DefaultSecurityFilterChain [main] Creating filter chain: Ant [pattern='/js/**'], []
2018-12-20 09:16:20,148 INFO org.springframework.security.web.DefaultSecurityFilterChain [main] Creating filter chain: Ant [pattern='/images/**'], []
2018-12-20 09:16:20,665 INFO org.springframework.security.web.DefaultSecurityFilterChain [main] Creating filter chain: any request, [org.springframework.security.web.context.request.async.WebAsyncManagerIntegrationFilter@6dcf7b6a, org.springframework.security.web.context.SecurityContextPersistenceFilter@21f50d2c, org.springframework.security.web.header.HeaderWriterFilter@39a7eca5, org.springframework.security.web.authentication.logout.LogoutFilter@e3ed455, org.springframework.security.web.authentication.UsernamePasswordAuthenticationFilter@5a48d186, org.springframework.security.web.session.ConcurrentSessionFilter@5d27b4c1, org.springframework.security.web.savedrequest.RequestCacheAwareFilter@473847fb, org.springframework.security.web.servletapi.SecurityContextHolderAwareRequestFilter@74b97416, org.springframework.security.web.authentication.rememberme.RememberMeAuthenticationFilter@184de357, org.springframework.security.web.authentication.AnonymousAuthenticationFilter@53dba9cd, org.springframework.security.web.session.SessionManagementFilter@156cfa20, org.springframework.security.web.access.ExceptionTranslationFilter@30afb481, org.springframework.security.web.access.intercept.FilterSecurityInterceptor@44eb2452]
2018-12-20 09:16:22,250 INFO org.springframework.scheduling.concurrent.ExecutorConfigurationSupport [main] Initializing ExecutorService 'applicationTaskExecutor'
2018-12-20 09:16:22,506 WARN org.springframework.boot.autoconfigure.orm.jpa.JpaBaseConfiguration$JpaWebConfiguration$JpaWebMvcConfiguration [main] spring.jpa.open-in-view is enabled by default. Therefore, database queries may be performed during view rendering. Explicitly configure spring.jpa.open-in-view to disable this warning
2018-12-20 09:16:24,051 INFO org.springframework.boot.StartupInfoLogger [main] Started AutoappApplicationTests in 15.276 seconds (JVM running for 17.47)
2018-12-20 09:16:24,485 INFO org.springframework.scheduling.concurrent.ExecutorConfigurationSupport [Thread-3] Shutting down ExecutorService 'applicationTaskExecutor'
2018-12-20 09:16:24,494 INFO org.springframework.orm.jpa.AbstractEntityManagerFactoryBean [Thread-3] Closing JPA EntityManagerFactory for persistence unit 'default'
2018-12-20 09:16:24,500 INFO com.zaxxer.hikari.HikariDataSource [Thread-3] HikariPool-1 - Shutdown initiated...
2018-12-20 09:16:24,528 INFO com.zaxxer.hikari.HikariDataSource [Thread-3] HikariPool-1 - Shutdown completed.
